<?xml version="1.0" encoding="UTF-8"?>
<testsuite name="game.player.info.XpTest" tests="3" skipped="0" failures="0" errors="0" timestamp="2018-12-22T18:14:05" hostname="Satan" time="0.0">
  <properties/>
  <testcase name="testCheckLevel1" classname="game.player.info.XpTest" time="0.0"/>
  <testcase name="testCheckLevel2" classname="game.player.info.XpTest" time="0.0"/>
  <testcase name="testUpdateXp" classname="game.player.info.XpTest" time="0.0"/>
  <system-out><![CDATA[]]></system-out>
  <system-err><![CDATA[]]></system-err>
</testsuite>
