<?xml version="1.0" encoding="UTF-8"?>
<testsuite name="game.player.info.InfoTest" tests="3" skipped="0" failures="0" errors="0" timestamp="2018-12-22T18:14:05" hostname="Satan" time="0.001">
  <properties/>
  <testcase name="receiveGold" classname="game.player.info.InfoTest" time="0.001"/>
  <testcase name="testXp" classname="game.player.info.InfoTest" time="0.0"/>
  <testcase name="receiveLifepoints" classname="game.player.info.InfoTest" time="0.0"/>
  <system-out><![CDATA[]]></system-out>
  <system-err><![CDATA[]]></system-err>
</testsuite>
