<?xml version="1.0" encoding="UTF-8"?>
<testsuite name="game.player.info.GoldTest" tests="3" skipped="0" failures="0" errors="0" timestamp="2018-12-21T14:41:24" hostname="Rutger" time="0.0">
  <properties/>
  <testcase name="receiveGold" classname="game.player.info.GoldTest" time="0.0"/>
  <testcase name="addGold" classname="game.player.info.GoldTest" time="0.0"/>
  <testcase name="removeGold" classname="game.player.info.GoldTest" time="0.0"/>
  <system-out><![CDATA[]]></system-out>
  <system-err><![CDATA[]]></system-err>
</testsuite>
