<?xml version="1.0" encoding="UTF-8"?>
<testsuite name="game.player.hero.ability.AbilityTest" tests="6" skipped="0" failures="0" errors="0" timestamp="2018-12-22T16:20:32" hostname="Rutger" time="0.065">
  <properties/>
  <testcase name="activate" classname="game.player.hero.ability.AbilityTest" time="0.003"/>
  <testcase name="action" classname="game.player.hero.ability.AbilityTest" time="0.0"/>
  <testcase name="usedAbility" classname="game.player.hero.ability.AbilityTest" time="0.0"/>
  <testcase name="abilityIsReadyToUse" classname="game.player.hero.ability.AbilityTest" time="0.0"/>
  <testcase name="receiveNumberOfTimesUsed1" classname="game.player.hero.ability.AbilityTest" time="0.06"/>
  <testcase name="receiveNumberOfTimesUsed2" classname="game.player.hero.ability.AbilityTest" time="0.0"/>
  <system-out><![CDATA[2018-12-22 17:20:32 [Test worker] tetris.player.hero.ability.CheeringCrowd.activate()
INFO: ability activate?
]]></system-out>
  <system-err><![CDATA[2018-12-22 17:20:32 [Test worker] tetris.player.hero.ability.CheeringCrowd.activate()
WARNING: Ability!
]]></system-err>
</testsuite>
