<?xml version="1.0" encoding="UTF-8"?>
<testsuite name="game.events.event.TornadoTest" tests="1" skipped="0" failures="0" errors="0" timestamp="2018-12-22T16:20:32" hostname="Rutger" time="0.015">
  <properties/>
  <testcase name="activate" classname="game.events.event.TornadoTest" time="0.015"/>
  <system-out><![CDATA[]]></system-out>
  <system-err><![CDATA[]]></system-err>
</testsuite>
