<?xml version="1.0" encoding="UTF-8"?>
<testsuite name="game.player.playfields.playfield.block.BlockTest" tests="1" skipped="0" failures="0" errors="0" timestamp="2018-11-07T13:48:20" hostname="Rutger" time="0.031">
  <properties/>
  <testcase name="testMakeBlock" classname="game.player.playfields.playfield.block.BlockTest" time="0.031"/>
  <system-out><![CDATA[]]></system-out>
  <system-err><![CDATA[]]></system-err>
</testsuite>
