<?xml version="1.0" encoding="UTF-8"?>
<testsuite name="game.info.TimerTest" tests="1" skipped="0" failures="0" errors="0" timestamp="2018-12-20T12:43:04" hostname="MacBook-Pro-van-Din.local" time="0.004">
  <properties/>
  <testcase name="run" classname="game.info.TimerTest" time="0.004"/>
  <system-out><![CDATA[19
]]></system-out>
  <system-err><![CDATA[]]></system-err>
</testsuite>
