<?xml version="1.0" encoding="UTF-8"?>
<testsuite name="game.events.event.TornadoTest" tests="1" skipped="0" failures="0" errors="0" timestamp="2018-12-20T09:22:00" hostname="MacBook-Pro-van-Din.local" time="0.015">
  <properties/>
  <testcase name="activate" classname="game.events.event.TornadoTest" time="0.015"/>
  <system-out><![CDATA[[[1, 0, 1, 1, 0, 0, 0, 1, 1, 0, 0, 1], [1, 1, 0, 1, 0, 1, 0, 1, 0, 1, 0, 0], [0, 1, 1, 1, 1, 1, 0, 0, 0, 1, 0, 0], [1, 0, 0, 0, 1, 1, 0, 1, 0, 1, 1, 0], [0, 0, 1, 1, 0, 1, 1, 0, 0, 1, 0, 1], [1, 0, 1, 0, 1, 1, 0, 1, 0, 1, 0, 0], [0, 0, 1, 1, 0, 1, 0, 1, 0, 1, 1, 0], [1, 1, 1, 0, 0, 0, 0, 0, 1, 1, 0, 1], [1, 1, 0, 1, 0, 0, 0, 1, 0, 1, 1, 0], [0, 1, 1, 0, 0, 0, 1, 1, 0, 1, 1, 0], [0, 1, 0, 1, 1, 0, 0, 1, 0, 1, 0, 1], [1, 0, 0, 0, 1, 1, 1, 0, 0, 0, 1, 1], [1, 0, 0, 0, 1, 1, 1, 1, 0, 1, 0, 0], [0, 0, 1, 1, 0, 1, 1, 0, 0, 1, 1, 0], [1, 0, 1, 0, 1, 1, 0, 0, 1, 1, 0, 0], [0, 1, 1, 0, 1, 0, 1, 1, 0, 1, 0, 0], [1, 0, 0, 1, 0, 1, 1, 1, 1, 0, 0, 0], [0, 0, 1, 0, 1, 1, 0, 1, 0, 0, 1, 1], [0, 1, 0, 1, 1, 0, 1, 1, 0, 0, 1, 0], [0, 0, 0, 1, 0, 0, 1, 1, 1, 0, 1, 1]]
[[1, 0, 1, 1, 0, 0, 0, 1, 1, 0, 0, 1], [1, 1, 0, 1, 0, 1, 0, 1, 0, 1, 0, 0], [0, 1, 1, 1, 1, 1, 0, 0, 0, 1, 0, 0], [1, 0, 0, 0, 1, 1, 0, 1, 0, 1, 1, 0], [0, 0, 1, 1, 0, 1, 1, 0, 0, 1, 0, 1], [1, 0, 1, 0, 1, 1, 0, 1, 0, 1, 0, 0], [0, 0, 1, 1, 0, 1, 0, 1, 0, 1, 1, 0], [1, 1, 1, 0, 0, 0, 0, 0, 1, 1, 0, 1], [1, 1, 0, 1, 0, 0, 0, 1, 0, 1, 1, 0], [0, 1, 1, 0, 0, 0, 1, 1, 0, 1, 1, 0], [0, 1, 0, 1, 1, 0, 0, 1, 0, 1, 0, 1], [1, 0, 0, 0, 1, 1, 1, 0, 0, 0, 1, 1], [1, 0, 0, 0, 1, 1, 1, 1, 0, 1, 0, 0], [0, 0, 1, 1, 0, 1, 1, 0, 0, 1, 1, 0], [1, 0, 1, 0, 1, 1, 0, 0, 1, 1, 0, 0], [0, 1, 1, 0, 1, 0, 1, 1, 0, 1, 0, 0], [1, 0, 0, 1, 0, 1, 1, 1, 1, 0, 0, 0], [0, 0, 1, 0, 1, 1, 0, 1, 0, 0, 1, 1], [0, 1, 0, 1, 1, 0, 1, 1, 0, 0, 1, 0], [0, 0, 0, 1, 0, 0, 1, 1, 1, 0, 1, 1]]
]]></system-out>
  <system-err><![CDATA[]]></system-err>
</testsuite>
